[INFO] 2025-01-01 10:00:00 User login success
[ERROR] 2025-01-01 10:01:00 NullPointerException at line 52
[WARN] 2025-01-01 10:02:00 Memory usage high: 89%
[INFO] 2025-01-01 10:03:00 User logout
[ERROR] 2025-01-01 10:04:00 SQLException: Connection timeout
[WARN] 2025-01-01 10:05:00 Disk space low: 15% remaining
[INFO] 2025-01-01 10:06:00 Scheduled task started
[ERROR] 2025-01-01 10:07:00 FileNotFoundException: config.xml
[WARN] 2025-01-01 10:08:00 Retry attempt 1 for API call
[INFO] 2025-01-01 10:09:00 Cache hit ratio: 92.5%
[ERROR] 2025-01-01 10:10:00 IllegalArgumentException: Invalid parameter
[WARN] 2025-01-01 10:11:00 Thread pool queue size: 50
[INFO] 2025-01-01 10:12:00 Database connection established
[ERROR] 2025-01-01 10:13:00 TimeoutException: Request timed out
[WARN] 2025-01-01 10:14:00 Deprecated API usage detected
[INFO] 2025-01-01 10:15:00 Backup completed successfully
[ERROR] 2025-01-01 10:16:00 IOException: Failed to read file
[WARN] 2025-01-01 10:17:00 Slow query detected: 3.2s
[INFO] 2025-01-01 10:18:00 User session expired
[ERROR] 2025-01-01 10:19:00 StackOverflowError: Recursive call
[WARN] 2025-01-01 10:20:00 Memory GC overhead limit exceeded